[debug] [2023-09-08T14:21:27.383Z] ----------------------------------------------------------------------
[debug] [2023-09-08T14:21:27.386Z] Command:       C:\Program Files\nodejs\node.exe C:\Users\conde\AppData\Roaming\npm\node_modules\firebase-tools\lib\bin\firebase.js init
[debug] [2023-09-08T14:21:27.386Z] CLI Version:   12.5.2
[debug] [2023-09-08T14:21:27.387Z] Platform:      win32
[debug] [2023-09-08T14:21:27.387Z] Node Version:  v18.17.1
[debug] [2023-09-08T14:21:27.388Z] Time:          Fri Sep 08 2023 08:21:27 GMT-0600 (GMT-06:00)
[debug] [2023-09-08T14:21:27.388Z] ----------------------------------------------------------------------
[debug] 
[debug] [2023-09-08T14:21:27.473Z] > command requires scopes: ["email","openid","https://www.googleapis.com/auth/cloudplatformprojects.readonly","https://www.googleapis.com/auth/firebase","https://www.googleapis.com/auth/cloud-platform"]
[debug] [2023-09-08T14:21:27.474Z] > authorizing via signed-in user (yisuscond@gmail.com)
[info] 
     ######## #### ########  ######## ########     ###     ######  ########
     ##        ##  ##     ## ##       ##     ##  ##   ##  ##       ##
     ######    ##  ########  ######   ########  #########  ######  ######
     ##        ##  ##    ##  ##       ##     ## ##     ##       ## ##
     ##       #### ##     ## ######## ########  ##     ##  ######  ########

You're about to initialize a Firebase project in this directory:

  C:\Users\conde\Desktop\7\Centeno\JesusSaith.github.io

Before we get started, keep in mind:

  * You are initializing within an existing Firebase project directory

[info] 
=== Project Setup
[info] 
[info] First, let's associate this project directory with a Firebase project.
[info] You can create multiple project aliases by running firebase use --add, 
[info] but for now we'll just set up a default project.
[info] 
[debug] [2023-09-08T14:21:32.674Z] Using project from CLI flag: cvcursos-e1c9b
[debug] [2023-09-08T14:21:32.676Z] >>> [apiv2][query] GET https://firebase.googleapis.com/v1beta1/projects/cvcursos-e1c9b [none]
[debug] [2023-09-08T14:21:33.704Z] <<< [apiv2][status] GET https://firebase.googleapis.com/v1beta1/projects/cvcursos-e1c9b 200
[debug] [2023-09-08T14:21:33.704Z] <<< [apiv2][body] GET https://firebase.googleapis.com/v1beta1/projects/cvcursos-e1c9b {"projectId":"cvcursos-e1c9b","projectNumber":"573384387186","displayName":"CVCURSOS","name":"projects/cvcursos-e1c9b","resources":{"hostingSite":"cvcursos-e1c9b"},"state":"ACTIVE","etag":"1_518e409b-60c1-4d99-b8e3-3b46a650a262"}
[info] i  Using project cvcursos-e1c9b (CVCURSOS) 
[info] 
=== Hosting Setup
[info] 
[info] Your public directory is the folder (relative to your project directory) that
[info] will contain Hosting assets to be uploaded with firebase deploy. If you
[info] have a build process for your assets, use your build's output directory.
[info] 
